<?xml version="1.0" encoding="UTF-8"?>
<robot generator="Robot 4.1.2 (Python 3.9.2 on win32)" generated="20220128 22:46:53.886" rpa="false" schemaversion="2">
<suite id="s1" name="TS 01" source="C:\Users\Ayman\Desktop\AE4TS final\TS_01\TS_01.robot">
<test id="s1-t1" name="TC_01_001">
<kw name="Set Selenium Speed" library="SeleniumLibrary">
<arg>0.2</arg>
<doc>Sets the delay that is waited after each Selenium command.</doc>
<status status="PASS" starttime="20220128 22:46:54.206" endtime="20220128 22:46:54.207"/>
</kw>
<kw name="Open Browser" library="SeleniumLibrary">
<arg>${URL1}</arg>
<arg>${Browser}</arg>
<doc>Opens a new browser instance to the optional ``url``.</doc>
<msg timestamp="20220128 22:46:54.208" level="INFO">Opening browser 'Chrome' to base url 'https://myanimelist.net/'.</msg>
<status status="PASS" starttime="20220128 22:46:54.207" endtime="20220128 22:46:58.730"/>
</kw>
<kw name="Click Element" library="SeleniumLibrary">
<arg>//*[@id="qc-cmp2-ui"]/div[2]/div/button[3]</arg>
<doc>Click the element identified by ``locator``.</doc>
<msg timestamp="20220128 22:46:58.731" level="INFO">Clicking element '//*[@id="qc-cmp2-ui"]/div[2]/div/button[3]'.</msg>
<status status="PASS" starttime="20220128 22:46:58.730" endtime="20220128 22:46:59.586"/>
</kw>
<kw name="Click Element" library="SeleniumLibrary">
<arg>//*[@id="malLogin"]</arg>
<doc>Click the element identified by ``locator``.</doc>
<msg timestamp="20220128 22:46:59.589" level="INFO">Clicking element '//*[@id="malLogin"]'.</msg>
<status status="PASS" starttime="20220128 22:46:59.588" endtime="20220128 22:47:01.386"/>
</kw>
<kw name="Input Text" library="SeleniumLibrary">
<arg>//*[@id="loginUserName"]</arg>
<arg>ImTestingU</arg>
<doc>Types the given ``text`` into the text field identified by ``locator``.</doc>
<msg timestamp="20220128 22:47:01.389" level="INFO">Typing text 'ImTestingU' into text field '//*[@id="loginUserName"]'.</msg>
<status status="PASS" starttime="20220128 22:47:01.388" endtime="20220128 22:47:02.241"/>
</kw>
<kw name="Input Text" library="SeleniumLibrary">
<arg>//*[@id="login-password"]</arg>
<arg>Te$tingP@$$</arg>
<doc>Types the given ``text`` into the text field identified by ``locator``.</doc>
<msg timestamp="20220128 22:47:02.244" level="INFO">Typing text 'Te$tingP@$$' into text field '//*[@id="login-password"]'.</msg>
<status status="PASS" starttime="20220128 22:47:02.243" endtime="20220128 22:47:03.117"/>
</kw>
<kw name="Click Element" library="SeleniumLibrary">
<arg>//*[@id="dialog"]/tbody/tr/td/form/div/p[6]/input</arg>
<doc>Click the element identified by ``locator``.</doc>
<msg timestamp="20220128 22:47:03.119" level="INFO">Clicking element '//*[@id="dialog"]/tbody/tr/td/form/div/p[6]/input'.</msg>
<status status="PASS" starttime="20220128 22:47:03.119" endtime="20220128 22:47:03.615"/>
</kw>
<kw name="Sleep" library="BuiltIn">
<arg>4</arg>
<doc>Pauses the test executed for the given time.</doc>
<msg timestamp="20220128 22:47:07.616" level="INFO">Slept 4 seconds</msg>
<status status="PASS" starttime="20220128 22:47:03.615" endtime="20220128 22:47:07.616"/>
</kw>
<kw name="Close Browser" library="SeleniumLibrary">
<doc>Closes the current browser.</doc>
<status status="PASS" starttime="20220128 22:47:07.616" endtime="20220128 22:47:09.883"/>
</kw>
<status status="PASS" starttime="20220128 22:46:54.205" endtime="20220128 22:47:09.885"/>
</test>
<test id="s1-t2" name="TC_01_002">
<kw name="Set Selenium Speed" library="SeleniumLibrary">
<arg>0.2</arg>
<doc>Sets the delay that is waited after each Selenium command.</doc>
<status status="PASS" starttime="20220128 22:47:09.891" endtime="20220128 22:47:09.892"/>
</kw>
<kw name="Open Browser" library="SeleniumLibrary">
<arg>${URL1}</arg>
<arg>${Browser}</arg>
<doc>Opens a new browser instance to the optional ``url``.</doc>
<msg timestamp="20220128 22:47:09.896" level="INFO">Opening browser 'Chrome' to base url 'https://myanimelist.net/'.</msg>
<status status="PASS" starttime="20220128 22:47:09.893" endtime="20220128 22:47:13.270"/>
</kw>
<kw name="Click Element" library="SeleniumLibrary">
<arg>//*[@id="qc-cmp2-ui"]/div[2]/div/button[3]</arg>
<doc>Click the element identified by ``locator``.</doc>
<msg timestamp="20220128 22:47:13.271" level="INFO">Clicking element '//*[@id="qc-cmp2-ui"]/div[2]/div/button[3]'.</msg>
<status status="PASS" starttime="20220128 22:47:13.271" endtime="20220128 22:47:14.142"/>
</kw>
<kw name="Click Element" library="SeleniumLibrary">
<arg>//*[@id="malLogin"]</arg>
<doc>Click the element identified by ``locator``.</doc>
<msg timestamp="20220128 22:47:14.143" level="INFO">Clicking element '//*[@id="malLogin"]'.</msg>
<status status="PASS" starttime="20220128 22:47:14.142" endtime="20220128 22:47:16.024"/>
</kw>
<kw name="Input Text" library="SeleniumLibrary">
<arg>//*[@id="loginUserName"]</arg>
<arg>ImjustTesting</arg>
<doc>Types the given ``text`` into the text field identified by ``locator``.</doc>
<msg timestamp="20220128 22:47:16.025" level="INFO">Typing text 'ImjustTesting' into text field '//*[@id="loginUserName"]'.</msg>
<status status="PASS" starttime="20220128 22:47:16.025" endtime="20220128 22:47:16.774"/>
</kw>
<kw name="Input Text" library="SeleniumLibrary">
<arg>//*[@id="login-password"]</arg>
<arg>Te$tingP@$$</arg>
<doc>Types the given ``text`` into the text field identified by ``locator``.</doc>
<msg timestamp="20220128 22:47:16.776" level="INFO">Typing text 'Te$tingP@$$' into text field '//*[@id="login-password"]'.</msg>
<status status="PASS" starttime="20220128 22:47:16.776" endtime="20220128 22:47:17.556"/>
</kw>
<kw name="Click Element" library="SeleniumLibrary">
<arg>//*[@id="dialog"]/tbody/tr/td/form/div/p[6]/input</arg>
<doc>Click the element identified by ``locator``.</doc>
<msg timestamp="20220128 22:47:17.559" level="INFO">Clicking element '//*[@id="dialog"]/tbody/tr/td/form/div/p[6]/input'.</msg>
<status status="PASS" starttime="20220128 22:47:17.558" endtime="20220128 22:47:18.161"/>
</kw>
<kw name="Sleep" library="BuiltIn">
<arg>4</arg>
<doc>Pauses the test executed for the given time.</doc>
<msg timestamp="20220128 22:47:22.164" level="INFO">Slept 4 seconds</msg>
<status status="PASS" starttime="20220128 22:47:18.161" endtime="20220128 22:47:22.164"/>
</kw>
<kw name="Close Browser" library="SeleniumLibrary">
<doc>Closes the current browser.</doc>
<status status="PASS" starttime="20220128 22:47:22.164" endtime="20220128 22:47:24.418"/>
</kw>
<status status="PASS" starttime="20220128 22:47:09.890" endtime="20220128 22:47:24.420"/>
</test>
<test id="s1-t3" name="TC_01_003">
<kw name="Set Selenium Speed" library="SeleniumLibrary">
<arg>0.2</arg>
<doc>Sets the delay that is waited after each Selenium command.</doc>
<status status="PASS" starttime="20220128 22:47:24.426" endtime="20220128 22:47:24.427"/>
</kw>
<kw name="Open Browser" library="SeleniumLibrary">
<arg>${URL1}</arg>
<arg>${Browser}</arg>
<doc>Opens a new browser instance to the optional ``url``.</doc>
<msg timestamp="20220128 22:47:24.430" level="INFO">Opening browser 'Chrome' to base url 'https://myanimelist.net/'.</msg>
<status status="PASS" starttime="20220128 22:47:24.429" endtime="20220128 22:47:27.510"/>
</kw>
<kw name="Click Element" library="SeleniumLibrary">
<arg>//*[@id="qc-cmp2-ui"]/div[2]/div/button[3]</arg>
<doc>Click the element identified by ``locator``.</doc>
<msg timestamp="20220128 22:47:27.511" level="INFO">Clicking element '//*[@id="qc-cmp2-ui"]/div[2]/div/button[3]'.</msg>
<status status="PASS" starttime="20220128 22:47:27.510" endtime="20220128 22:47:28.302"/>
</kw>
<kw name="Click Element" library="SeleniumLibrary">
<arg>//*[@id="malLogin"]</arg>
<doc>Click the element identified by ``locator``.</doc>
<msg timestamp="20220128 22:47:28.305" level="INFO">Clicking element '//*[@id="malLogin"]'.</msg>
<status status="PASS" starttime="20220128 22:47:28.304" endtime="20220128 22:47:30.251"/>
</kw>
<kw name="Input Text" library="SeleniumLibrary">
<arg>//*[@id="loginUserName"]</arg>
<arg>ImTestingU</arg>
<doc>Types the given ``text`` into the text field identified by ``locator``.</doc>
<msg timestamp="20220128 22:47:30.253" level="INFO">Typing text 'ImTestingU' into text field '//*[@id="loginUserName"]'.</msg>
<status status="PASS" starttime="20220128 22:47:30.252" endtime="20220128 22:47:31.036"/>
</kw>
<kw name="Input Text" library="SeleniumLibrary">
<arg>//*[@id="login-password"]</arg>
<arg>P@$$w0rd</arg>
<doc>Types the given ``text`` into the text field identified by ``locator``.</doc>
<msg timestamp="20220128 22:47:31.039" level="INFO">Typing text 'P@$$w0rd' into text field '//*[@id="login-password"]'.</msg>
<status status="PASS" starttime="20220128 22:47:31.038" endtime="20220128 22:47:31.737"/>
</kw>
<kw name="Click Element" library="SeleniumLibrary">
<arg>//*[@id="dialog"]/tbody/tr/td/form/div/p[6]/input</arg>
<doc>Click the element identified by ``locator``.</doc>
<msg timestamp="20220128 22:47:31.739" level="INFO">Clicking element '//*[@id="dialog"]/tbody/tr/td/form/div/p[6]/input'.</msg>
<status status="PASS" starttime="20220128 22:47:31.739" endtime="20220128 22:47:32.338"/>
</kw>
<kw name="Sleep" library="BuiltIn">
<arg>4</arg>
<doc>Pauses the test executed for the given time.</doc>
<msg timestamp="20220128 22:47:36.340" level="INFO">Slept 4 seconds</msg>
<status status="PASS" starttime="20220128 22:47:32.339" endtime="20220128 22:47:36.340"/>
</kw>
<kw name="Close Browser" library="SeleniumLibrary">
<doc>Closes the current browser.</doc>
<status status="PASS" starttime="20220128 22:47:36.340" endtime="20220128 22:47:38.586"/>
</kw>
<status status="PASS" starttime="20220128 22:47:24.425" endtime="20220128 22:47:38.588"/>
</test>
<test id="s1-t4" name="Post-conditions">
<kw name="Close Browser" library="SeleniumLibrary">
<doc>Closes the current browser.</doc>
<status status="PASS" starttime="20220128 22:47:38.595" endtime="20220128 22:47:38.596"/>
</kw>
<status status="PASS" starttime="20220128 22:47:38.593" endtime="20220128 22:47:38.597"/>
</test>
<status status="PASS" starttime="20220128 22:46:53.888" endtime="20220128 22:47:38.603"/>
</suite>
<statistics>
<total>
<stat pass="4" fail="0" skip="0">All Tests</stat>
</total>
<tag>
</tag>
<suite>
<stat pass="4" fail="0" skip="0" id="s1" name="TS 01">TS 01</stat>
</suite>
</statistics>
<errors>
</errors>
</robot>
