<?xml version="1.0" encoding="UTF-8"?>
<robot generator="Robot 4.1.2 (Python 3.9.2 on win32)" generated="20220228 22:50:19.837" rpa="false" schemaversion="2">
<suite id="s1" name="TS 05" source="C:\Users\Ayman\Desktop\AE4TS final\TS_05\TS_05.robot">
<test id="s1-t1" name="TC_04_001">
<kw name="Set Selenium Speed" library="SeleniumLibrary">
<arg>0.3</arg>
<doc>Sets the delay that is waited after each Selenium command.</doc>
<status status="PASS" starttime="20220228 22:50:20.145" endtime="20220228 22:50:20.146"/>
</kw>
<kw name="Open Browser" library="SeleniumLibrary">
<arg>${URL1}</arg>
<arg>${Browser}</arg>
<doc>Opens a new browser instance to the optional ``url``.</doc>
<msg timestamp="20220228 22:50:20.146" level="INFO">Opening browser 'Chrome' to base url 'https://myanimelist.net/'.</msg>
<status status="PASS" starttime="20220228 22:50:20.146" endtime="20220228 22:50:23.729"/>
</kw>
<kw name="Click Element" library="SeleniumLibrary">
<arg>//*[@id="qc-cmp2-ui"]/div[2]/div/button[3]</arg>
<doc>Click the element identified by ``locator``.</doc>
<msg timestamp="20220228 22:50:23.730" level="INFO">Clicking element '//*[@id="qc-cmp2-ui"]/div[2]/div/button[3]'.</msg>
<status status="PASS" starttime="20220228 22:50:23.730" endtime="20220228 22:50:24.531"/>
</kw>
<kw name="Click Element" library="SeleniumLibrary">
<arg>//*[@id="malLogin"]</arg>
<doc>Click the element identified by ``locator``.</doc>
<msg timestamp="20220228 22:50:24.532" level="INFO">Clicking element '//*[@id="malLogin"]'.</msg>
<status status="PASS" starttime="20220228 22:50:24.531" endtime="20220228 22:50:26.120"/>
</kw>
<kw name="Input Text" library="SeleniumLibrary">
<arg>//*[@id="loginUserName"]</arg>
<arg>ImTestingU</arg>
<doc>Types the given ``text`` into the text field identified by ``locator``.</doc>
<msg timestamp="20220228 22:50:26.121" level="INFO">Typing text 'ImTestingU' into text field '//*[@id="loginUserName"]'.</msg>
<status status="PASS" starttime="20220228 22:50:26.120" endtime="20220228 22:50:27.124"/>
</kw>
<kw name="Input Text" library="SeleniumLibrary">
<arg>//*[@id="login-password"]</arg>
<arg>Te$tingP@$$</arg>
<doc>Types the given ``text`` into the text field identified by ``locator``.</doc>
<msg timestamp="20220228 22:50:27.125" level="INFO">Typing text 'Te$tingP@$$' into text field '//*[@id="login-password"]'.</msg>
<status status="PASS" starttime="20220228 22:50:27.125" endtime="20220228 22:50:28.124"/>
</kw>
<kw name="Click Element" library="SeleniumLibrary">
<arg>//*[@id="dialog"]/tbody/tr/td/form/div/p[6]/input</arg>
<doc>Click the element identified by ``locator``.</doc>
<msg timestamp="20220228 22:50:28.124" level="INFO">Clicking element '//*[@id="dialog"]/tbody/tr/td/form/div/p[6]/input'.</msg>
<status status="PASS" starttime="20220228 22:50:28.124" endtime="20220228 22:50:28.814"/>
</kw>
<kw name="Click Element" library="SeleniumLibrary">
<arg>//*[@id="nav"]/li[2]/a</arg>
<doc>Click the element identified by ``locator``.</doc>
<msg timestamp="20220228 22:50:28.815" level="INFO">Clicking element '//*[@id="nav"]/li[2]/a'.</msg>
<status status="PASS" starttime="20220228 22:50:28.814" endtime="20220228 22:50:31.703"/>
</kw>
<kw name="Click Element" library="SeleniumLibrary">
<arg>//*[@id="nav"]/li[2]/ul/li[2]/a</arg>
<doc>Click the element identified by ``locator``.</doc>
<msg timestamp="20220228 22:50:31.704" level="INFO">Clicking element '//*[@id="nav"]/li[2]/ul/li[2]/a'.</msg>
<status status="PASS" starttime="20220228 22:50:31.703" endtime="20220228 22:50:33.983"/>
</kw>
<kw name="Click Element" library="SeleniumLibrary">
<arg>//*[@id="#area2"]</arg>
<doc>Click the element identified by ``locator``.</doc>
<msg timestamp="20220228 22:50:33.985" level="INFO">Clicking element '//*[@id="#area2"]'.</msg>
<status status="PASS" starttime="20220228 22:50:33.984" endtime="20220228 22:50:36.421"/>
</kw>
<kw name="Click Element" library="SeleniumLibrary">
<arg>//*[@id="showAddtolistManga"]</arg>
<doc>Click the element identified by ``locator``.</doc>
<msg timestamp="20220228 22:50:36.422" level="INFO">Clicking element '//*[@id="showAddtolistManga"]'.</msg>
<status status="PASS" starttime="20220228 22:50:36.421" endtime="20220228 22:50:37.205"/>
</kw>
<kw name="Sleep" library="BuiltIn">
<arg>1</arg>
<doc>Pauses the test executed for the given time.</doc>
<msg timestamp="20220228 22:50:38.207" level="INFO">Slept 1 second</msg>
<status status="PASS" starttime="20220228 22:50:37.206" endtime="20220228 22:50:38.207"/>
</kw>
<kw name="Click Element" library="SeleniumLibrary">
<arg>//*[@id="addtolist"]/table/tbody/tr[5]/td[2]/input</arg>
<doc>Click the element identified by ``locator``.</doc>
<msg timestamp="20220228 22:50:38.208" level="INFO">Clicking element '//*[@id="addtolist"]/table/tbody/tr[5]/td[2]/input'.</msg>
<status status="PASS" starttime="20220228 22:50:38.207" endtime="20220228 22:50:38.914"/>
</kw>
<kw name="Click Element" library="SeleniumLibrary">
<arg>//*[@id="header-menu"]/div[2]/a</arg>
<doc>Click the element identified by ``locator``.</doc>
<msg timestamp="20220228 22:50:38.915" level="INFO">Clicking element '//*[@id="header-menu"]/div[2]/a'.</msg>
<status status="PASS" starttime="20220228 22:50:38.915" endtime="20220228 22:50:39.577"/>
</kw>
<kw name="Click Element" library="SeleniumLibrary">
<arg>//*[@id="header-menu"]/div[2]/div/ul/li[2]/a</arg>
<doc>Click the element identified by ``locator``.</doc>
<msg timestamp="20220228 22:50:39.578" level="INFO">Clicking element '//*[@id="header-menu"]/div[2]/div/ul/li[2]/a'.</msg>
<status status="PASS" starttime="20220228 22:50:39.578" endtime="20220228 22:50:41.513"/>
</kw>
<kw name="Click Element" library="SeleniumLibrary">
<arg>//*[@id="status-menu"]/div/a[2]</arg>
<doc>Click the element identified by ``locator``.</doc>
<msg timestamp="20220228 22:50:41.514" level="INFO">Clicking element '//*[@id="status-menu"]/div/a[2]'.</msg>
<status status="PASS" starttime="20220228 22:50:41.514" endtime="20220228 22:50:43.477"/>
</kw>
<kw name="Sleep" library="BuiltIn">
<arg>3</arg>
<doc>Pauses the test executed for the given time.</doc>
<msg timestamp="20220228 22:50:46.480" level="INFO">Slept 3 seconds</msg>
<status status="PASS" starttime="20220228 22:50:43.478" endtime="20220228 22:50:46.480"/>
</kw>
<kw name="Close Browser" library="SeleniumLibrary">
<doc>Closes the current browser.</doc>
<status status="PASS" starttime="20220228 22:50:46.481" endtime="20220228 22:50:48.848"/>
</kw>
<status status="PASS" starttime="20220228 22:50:20.144" endtime="20220228 22:50:48.849"/>
</test>
<test id="s1-t2" name="TC_04_006">
<kw name="Set Selenium Speed" library="SeleniumLibrary">
<arg>0.3</arg>
<doc>Sets the delay that is waited after each Selenium command.</doc>
<status status="PASS" starttime="20220228 22:50:48.851" endtime="20220228 22:50:48.851"/>
</kw>
<kw name="Open Browser" library="SeleniumLibrary">
<arg>${URL1}</arg>
<arg>${Browser}</arg>
<doc>Opens a new browser instance to the optional ``url``.</doc>
<msg timestamp="20220228 22:50:48.852" level="INFO">Opening browser 'Chrome' to base url 'https://myanimelist.net/'.</msg>
<status status="PASS" starttime="20220228 22:50:48.852" endtime="20220228 22:50:51.940"/>
</kw>
<kw name="Click Element" library="SeleniumLibrary">
<arg>//*[@id="qc-cmp2-ui"]/div[2]/div/button[3]</arg>
<doc>Click the element identified by ``locator``.</doc>
<msg timestamp="20220228 22:50:51.941" level="INFO">Clicking element '//*[@id="qc-cmp2-ui"]/div[2]/div/button[3]'.</msg>
<status status="PASS" starttime="20220228 22:50:51.940" endtime="20220228 22:50:52.709"/>
</kw>
<kw name="Click Element" library="SeleniumLibrary">
<arg>//*[@id="malLogin"]</arg>
<doc>Click the element identified by ``locator``.</doc>
<msg timestamp="20220228 22:50:52.710" level="INFO">Clicking element '//*[@id="malLogin"]'.</msg>
<status status="PASS" starttime="20220228 22:50:52.709" endtime="20220228 22:50:54.562"/>
</kw>
<kw name="Input Text" library="SeleniumLibrary">
<arg>//*[@id="loginUserName"]</arg>
<arg>ImTestingU</arg>
<doc>Types the given ``text`` into the text field identified by ``locator``.</doc>
<msg timestamp="20220228 22:50:54.563" level="INFO">Typing text 'ImTestingU' into text field '//*[@id="loginUserName"]'.</msg>
<status status="PASS" starttime="20220228 22:50:54.562" endtime="20220228 22:50:55.539"/>
</kw>
<kw name="Input Text" library="SeleniumLibrary">
<arg>//*[@id="login-password"]</arg>
<arg>Te$tingP@$$</arg>
<doc>Types the given ``text`` into the text field identified by ``locator``.</doc>
<msg timestamp="20220228 22:50:55.540" level="INFO">Typing text 'Te$tingP@$$' into text field '//*[@id="login-password"]'.</msg>
<status status="PASS" starttime="20220228 22:50:55.540" endtime="20220228 22:50:56.513"/>
</kw>
<kw name="Click Element" library="SeleniumLibrary">
<arg>//*[@id="dialog"]/tbody/tr/td/form/div/p[6]/input</arg>
<doc>Click the element identified by ``locator``.</doc>
<msg timestamp="20220228 22:50:56.514" level="INFO">Clicking element '//*[@id="dialog"]/tbody/tr/td/form/div/p[6]/input'.</msg>
<status status="PASS" starttime="20220228 22:50:56.514" endtime="20220228 22:50:57.187"/>
</kw>
<kw name="Click Element" library="SeleniumLibrary">
<arg>//*[@id="nav"]/li[2]/a</arg>
<doc>Click the element identified by ``locator``.</doc>
<msg timestamp="20220228 22:50:57.188" level="INFO">Clicking element '//*[@id="nav"]/li[2]/a'.</msg>
<status status="PASS" starttime="20220228 22:50:57.188" endtime="20220228 22:51:00.138"/>
</kw>
<kw name="Click Element" library="SeleniumLibrary">
<arg>//*[@id="nav"]/li[2]/ul/li[2]/a</arg>
<doc>Click the element identified by ``locator``.</doc>
<msg timestamp="20220228 22:51:00.139" level="INFO">Clicking element '//*[@id="nav"]/li[2]/ul/li[2]/a'.</msg>
<status status="PASS" starttime="20220228 22:51:00.139" endtime="20220228 22:51:02.398"/>
</kw>
<kw name="Click Element" library="SeleniumLibrary">
<arg>//*[@id="#area2"]</arg>
<doc>Click the element identified by ``locator``.</doc>
<msg timestamp="20220228 22:51:02.399" level="INFO">Clicking element '//*[@id="#area2"]'.</msg>
<status status="PASS" starttime="20220228 22:51:02.399" endtime="20220228 22:51:05.054"/>
</kw>
<kw name="Click Element" library="SeleniumLibrary">
<arg>//*[@id="addtolist"]/table/tbody/tr[5]/td[2]/small/a</arg>
<doc>Click the element identified by ``locator``.</doc>
<msg timestamp="20220228 22:51:05.056" level="INFO">Clicking element '//*[@id="addtolist"]/table/tbody/tr[5]/td[2]/small/a'.</msg>
<status status="PASS" starttime="20220228 22:51:05.056" endtime="20220228 22:51:07.070"/>
</kw>
<kw name="Sleep" library="BuiltIn">
<arg>1</arg>
<doc>Pauses the test executed for the given time.</doc>
<msg timestamp="20220228 22:51:08.072" level="INFO">Slept 1 second</msg>
<status status="PASS" starttime="20220228 22:51:07.070" endtime="20220228 22:51:08.072"/>
</kw>
<kw name="Click Element" library="SeleniumLibrary">
<arg>xpath:/html[1]/body[1]/div[2]/div[2]/div[3]/div[2]/table[1]/tbody[1]/tr[1]/td[1]/div[3]/form[1]/input[1]</arg>
<doc>Click the element identified by ``locator``.</doc>
<msg timestamp="20220228 22:51:08.072" level="INFO">Clicking element 'xpath:/html[1]/body[1]/div[2]/div[2]/div[3]/div[2]/table[1]/tbody[1]/tr[1]/td[1]/div[3]/form[1]/input[1]'.</msg>
<status status="PASS" starttime="20220228 22:51:08.072" endtime="20220228 22:51:08.723"/>
</kw>
<kw name="Handle Alert" library="SeleniumLibrary">
<arg>accept</arg>
<doc>Handles the current alert and returns its message.</doc>
<msg timestamp="20220228 22:51:08.723" level="INFO">HANDLE::&lt;class 'NoneType'&gt;::None</msg>
<status status="PASS" starttime="20220228 22:51:08.723" endtime="20220228 22:51:09.632"/>
</kw>
<kw name="Click Element" library="SeleniumLibrary">
<arg>//*[@id="content"]/div[1]/a[2]</arg>
<doc>Click the element identified by ``locator``.</doc>
<msg timestamp="20220228 22:51:09.633" level="INFO">Clicking element '//*[@id="content"]/div[1]/a[2]'.</msg>
<status status="PASS" starttime="20220228 22:51:09.633" endtime="20220228 22:51:12.795"/>
</kw>
<kw name="Sleep" library="BuiltIn">
<arg>3</arg>
<doc>Pauses the test executed for the given time.</doc>
<msg timestamp="20220228 22:51:15.798" level="INFO">Slept 3 seconds</msg>
<status status="PASS" starttime="20220228 22:51:12.795" endtime="20220228 22:51:15.798"/>
</kw>
<kw name="Close Browser" library="SeleniumLibrary">
<doc>Closes the current browser.</doc>
<status status="PASS" starttime="20220228 22:51:15.799" endtime="20220228 22:51:18.150"/>
</kw>
<status status="PASS" starttime="20220228 22:50:48.850" endtime="20220228 22:51:18.151"/>
</test>
<test id="s1-t3" name="TC_05_002">
<kw name="Set Selenium Speed" library="SeleniumLibrary">
<arg>0.3</arg>
<doc>Sets the delay that is waited after each Selenium command.</doc>
<status status="PASS" starttime="20220228 22:51:18.153" endtime="20220228 22:51:18.154"/>
</kw>
<kw name="Open Browser" library="SeleniumLibrary">
<arg>${URL1}</arg>
<arg>${Browser}</arg>
<doc>Opens a new browser instance to the optional ``url``.</doc>
<msg timestamp="20220228 22:51:18.155" level="INFO">Opening browser 'Chrome' to base url 'https://myanimelist.net/'.</msg>
<status status="PASS" starttime="20220228 22:51:18.154" endtime="20220228 22:51:21.477"/>
</kw>
<kw name="Click Element" library="SeleniumLibrary">
<arg>//*[@id="qc-cmp2-ui"]/div[2]/div/button[3]</arg>
<doc>Click the element identified by ``locator``.</doc>
<msg timestamp="20220228 22:51:21.478" level="INFO">Clicking element '//*[@id="qc-cmp2-ui"]/div[2]/div/button[3]'.</msg>
<status status="PASS" starttime="20220228 22:51:21.477" endtime="20220228 22:51:22.253"/>
</kw>
<kw name="Click Element" library="SeleniumLibrary">
<arg>//*[@id="malLogin"]</arg>
<doc>Click the element identified by ``locator``.</doc>
<msg timestamp="20220228 22:51:22.254" level="INFO">Clicking element '//*[@id="malLogin"]'.</msg>
<status status="PASS" starttime="20220228 22:51:22.253" endtime="20220228 22:51:24.198"/>
</kw>
<kw name="Input Text" library="SeleniumLibrary">
<arg>//*[@id="loginUserName"]</arg>
<arg>ImTestingU</arg>
<doc>Types the given ``text`` into the text field identified by ``locator``.</doc>
<msg timestamp="20220228 22:51:24.199" level="INFO">Typing text 'ImTestingU' into text field '//*[@id="loginUserName"]'.</msg>
<status status="PASS" starttime="20220228 22:51:24.199" endtime="20220228 22:51:25.184"/>
</kw>
<kw name="Input Text" library="SeleniumLibrary">
<arg>//*[@id="login-password"]</arg>
<arg>Te$tingP@$$</arg>
<doc>Types the given ``text`` into the text field identified by ``locator``.</doc>
<msg timestamp="20220228 22:51:25.185" level="INFO">Typing text 'Te$tingP@$$' into text field '//*[@id="login-password"]'.</msg>
<status status="PASS" starttime="20220228 22:51:25.185" endtime="20220228 22:51:26.158"/>
</kw>
<kw name="Click Element" library="SeleniumLibrary">
<arg>//*[@id="dialog"]/tbody/tr/td/form/div/p[6]/input</arg>
<doc>Click the element identified by ``locator``.</doc>
<msg timestamp="20220228 22:51:26.159" level="INFO">Clicking element '//*[@id="dialog"]/tbody/tr/td/form/div/p[6]/input'.</msg>
<status status="PASS" starttime="20220228 22:51:26.159" endtime="20220228 22:51:26.840"/>
</kw>
<kw name="Click Element" library="SeleniumLibrary">
<arg>//*[@id="nav"]/li[2]/a</arg>
<doc>Click the element identified by ``locator``.</doc>
<msg timestamp="20220228 22:51:26.842" level="INFO">Clicking element '//*[@id="nav"]/li[2]/a'.</msg>
<status status="PASS" starttime="20220228 22:51:26.841" endtime="20220228 22:51:29.987"/>
</kw>
<kw name="Click Element" library="SeleniumLibrary">
<arg>//*[@id="nav"]/li[2]/ul/li[2]/a</arg>
<doc>Click the element identified by ``locator``.</doc>
<msg timestamp="20220228 22:51:29.987" level="INFO">Clicking element '//*[@id="nav"]/li[2]/ul/li[2]/a'.</msg>
<status status="PASS" starttime="20220228 22:51:29.987" endtime="20220228 22:51:32.276"/>
</kw>
<kw name="Click Element" library="SeleniumLibrary">
<arg>//*[@id="#area1706"]</arg>
<doc>Click the element identified by ``locator``.</doc>
<msg timestamp="20220228 22:51:32.277" level="INFO">Clicking element '//*[@id="#area1706"]'.</msg>
<status status="PASS" starttime="20220228 22:51:32.277" endtime="20220228 22:51:34.817"/>
</kw>
<kw name="Click Element" library="SeleniumLibrary">
<arg>//*[@id="showAddtolistManga"]</arg>
<doc>Click the element identified by ``locator``.</doc>
<msg timestamp="20220228 22:51:34.818" level="INFO">Clicking element '//*[@id="showAddtolistManga"]'.</msg>
<status status="PASS" starttime="20220228 22:51:34.817" endtime="20220228 22:51:35.642"/>
</kw>
<kw name="Click Element" library="SeleniumLibrary">
<arg>//*[@id="myinfo_status"]</arg>
<doc>Click the element identified by ``locator``.</doc>
<msg timestamp="20220228 22:51:35.643" level="INFO">Clicking element '//*[@id="myinfo_status"]'.</msg>
<status status="PASS" starttime="20220228 22:51:35.642" endtime="20220228 22:51:36.337"/>
</kw>
<kw name="Click Element" library="SeleniumLibrary">
<arg>//*[@id="myinfo_status"]/option[2]</arg>
<doc>Click the element identified by ``locator``.</doc>
<msg timestamp="20220228 22:51:36.338" level="INFO">Clicking element '//*[@id="myinfo_status"]/option[2]'.</msg>
<status status="PASS" starttime="20220228 22:51:36.337" endtime="20220228 22:51:36.992"/>
</kw>
<kw name="Click Element" library="SeleniumLibrary">
<arg>//*[@id="addtolist"]/table/tbody/tr[5]/td[2]/input</arg>
<doc>Click the element identified by ``locator``.</doc>
<msg timestamp="20220228 22:51:36.994" level="INFO">Clicking element '//*[@id="addtolist"]/table/tbody/tr[5]/td[2]/input'.</msg>
<status status="PASS" starttime="20220228 22:51:36.993" endtime="20220228 22:51:37.688"/>
</kw>
<kw name="Click Element" library="SeleniumLibrary">
<arg>//*[@id="header-menu"]/div[2]/a</arg>
<doc>Click the element identified by ``locator``.</doc>
<msg timestamp="20220228 22:51:37.689" level="INFO">Clicking element '//*[@id="header-menu"]/div[2]/a'.</msg>
<status status="PASS" starttime="20220228 22:51:37.689" endtime="20220228 22:51:38.347"/>
</kw>
<kw name="Click Element" library="SeleniumLibrary">
<arg>//*[@id="header-menu"]/div[2]/div/ul/li[2]/a</arg>
<doc>Click the element identified by ``locator``.</doc>
<msg timestamp="20220228 22:51:38.349" level="INFO">Clicking element '//*[@id="header-menu"]/div[2]/div/ul/li[2]/a'.</msg>
<status status="PASS" starttime="20220228 22:51:38.348" endtime="20220228 22:51:40.130"/>
</kw>
<kw name="Click Element" library="SeleniumLibrary">
<arg>//*[@id="status-menu"]/div/a[3]</arg>
<doc>Click the element identified by ``locator``.</doc>
<msg timestamp="20220228 22:51:40.131" level="INFO">Clicking element '//*[@id="status-menu"]/div/a[3]'.</msg>
<status status="PASS" starttime="20220228 22:51:40.130" endtime="20220228 22:51:41.605"/>
</kw>
<kw name="Sleep" library="BuiltIn">
<arg>1</arg>
<doc>Pauses the test executed for the given time.</doc>
<msg timestamp="20220228 22:51:42.608" level="INFO">Slept 1 second</msg>
<status status="PASS" starttime="20220228 22:51:41.607" endtime="20220228 22:51:42.608"/>
</kw>
<kw name="Go Back" library="SeleniumLibrary">
<doc>Simulates the user clicking the back button on their browser.</doc>
<status status="PASS" starttime="20220228 22:51:42.609" endtime="20220228 22:51:43.269"/>
</kw>
<kw name="Go Back" library="SeleniumLibrary">
<doc>Simulates the user clicking the back button on their browser.</doc>
<status status="PASS" starttime="20220228 22:51:43.269" endtime="20220228 22:51:44.359"/>
</kw>
<kw name="Reload Page" library="SeleniumLibrary">
<doc>Simulates user reloading page.</doc>
<status status="PASS" starttime="20220228 22:51:44.360" endtime="20220228 22:51:45.909"/>
</kw>
<kw name="Click Element" library="SeleniumLibrary">
<arg>//*[@id="addtolist"]/table/tbody/tr[5]/td[2]/small/a</arg>
<doc>Click the element identified by ``locator``.</doc>
<msg timestamp="20220228 22:51:45.912" level="INFO">Clicking element '//*[@id="addtolist"]/table/tbody/tr[5]/td[2]/small/a'.</msg>
<status status="PASS" starttime="20220228 22:51:45.911" endtime="20220228 22:51:46.803"/>
</kw>
<kw name="Sleep" library="BuiltIn">
<arg>1</arg>
<doc>Pauses the test executed for the given time.</doc>
<msg timestamp="20220228 22:51:47.805" level="INFO">Slept 1 second</msg>
<status status="PASS" starttime="20220228 22:51:46.804" endtime="20220228 22:51:47.805"/>
</kw>
<kw name="Click Element" library="SeleniumLibrary">
<arg>xpath:/html[1]/body[1]/div[2]/div[2]/div[3]/div[2]/table[1]/tbody[1]/tr[1]/td[1]/div[3]/form[1]/input[1]</arg>
<doc>Click the element identified by ``locator``.</doc>
<msg timestamp="20220228 22:51:47.806" level="INFO">Clicking element 'xpath:/html[1]/body[1]/div[2]/div[2]/div[3]/div[2]/table[1]/tbody[1]/tr[1]/td[1]/div[3]/form[1]/input[1]'.</msg>
<status status="PASS" starttime="20220228 22:51:47.806" endtime="20220228 22:51:48.479"/>
</kw>
<kw name="Handle Alert" library="SeleniumLibrary">
<arg>accept</arg>
<doc>Handles the current alert and returns its message.</doc>
<msg timestamp="20220228 22:51:48.480" level="INFO">HANDLE::&lt;class 'NoneType'&gt;::None</msg>
<status status="PASS" starttime="20220228 22:51:48.479" endtime="20220228 22:51:49.387"/>
</kw>
<kw name="Click Element" library="SeleniumLibrary">
<arg>//*[@id="content"]/div[1]/a[2]</arg>
<doc>Click the element identified by ``locator``.</doc>
<msg timestamp="20220228 22:51:49.389" level="INFO">Clicking element '//*[@id="content"]/div[1]/a[2]'.</msg>
<status status="PASS" starttime="20220228 22:51:49.388" endtime="20220228 22:51:53.243"/>
</kw>
<kw name="Sleep" library="BuiltIn">
<arg>4</arg>
<doc>Pauses the test executed for the given time.</doc>
<msg timestamp="20220228 22:51:57.244" level="INFO">Slept 4 seconds</msg>
<status status="PASS" starttime="20220228 22:51:53.244" endtime="20220228 22:51:57.244"/>
</kw>
<kw name="Close Browser" library="SeleniumLibrary">
<doc>Closes the current browser.</doc>
<status status="PASS" starttime="20220228 22:51:57.245" endtime="20220228 22:51:59.597"/>
</kw>
<status status="PASS" starttime="20220228 22:51:18.153" endtime="20220228 22:51:59.599"/>
</test>
<test id="s1-t4" name="TC_05_003">
<kw name="Set Selenium Speed" library="SeleniumLibrary">
<arg>0.3</arg>
<doc>Sets the delay that is waited after each Selenium command.</doc>
<status status="PASS" starttime="20220228 22:51:59.603" endtime="20220228 22:51:59.603"/>
</kw>
<kw name="Open Browser" library="SeleniumLibrary">
<arg>${URL1}</arg>
<arg>${Browser}</arg>
<doc>Opens a new browser instance to the optional ``url``.</doc>
<msg timestamp="20220228 22:51:59.604" level="INFO">Opening browser 'Chrome' to base url 'https://myanimelist.net/'.</msg>
<status status="PASS" starttime="20220228 22:51:59.604" endtime="20220228 22:52:02.780"/>
</kw>
<kw name="Click Element" library="SeleniumLibrary">
<arg>//*[@id="qc-cmp2-ui"]/div[2]/div/button[3]</arg>
<doc>Click the element identified by ``locator``.</doc>
<msg timestamp="20220228 22:52:02.781" level="INFO">Clicking element '//*[@id="qc-cmp2-ui"]/div[2]/div/button[3]'.</msg>
<status status="PASS" starttime="20220228 22:52:02.780" endtime="20220228 22:52:03.523"/>
</kw>
<kw name="Click Element" library="SeleniumLibrary">
<arg>//*[@id="malLogin"]</arg>
<doc>Click the element identified by ``locator``.</doc>
<msg timestamp="20220228 22:52:03.524" level="INFO">Clicking element '//*[@id="malLogin"]'.</msg>
<status status="PASS" starttime="20220228 22:52:03.524" endtime="20220228 22:52:04.874"/>
</kw>
<kw name="Input Text" library="SeleniumLibrary">
<arg>//*[@id="loginUserName"]</arg>
<arg>ImTestingU</arg>
<doc>Types the given ``text`` into the text field identified by ``locator``.</doc>
<msg timestamp="20220228 22:52:04.875" level="INFO">Typing text 'ImTestingU' into text field '//*[@id="loginUserName"]'.</msg>
<status status="PASS" starttime="20220228 22:52:04.875" endtime="20220228 22:52:05.861"/>
</kw>
<kw name="Input Text" library="SeleniumLibrary">
<arg>//*[@id="login-password"]</arg>
<arg>Te$tingP@$$</arg>
<doc>Types the given ``text`` into the text field identified by ``locator``.</doc>
<msg timestamp="20220228 22:52:05.862" level="INFO">Typing text 'Te$tingP@$$' into text field '//*[@id="login-password"]'.</msg>
<status status="PASS" starttime="20220228 22:52:05.862" endtime="20220228 22:52:06.869"/>
</kw>
<kw name="Click Element" library="SeleniumLibrary">
<arg>//*[@id="dialog"]/tbody/tr/td/form/div/p[6]/input</arg>
<doc>Click the element identified by ``locator``.</doc>
<msg timestamp="20220228 22:52:06.870" level="INFO">Clicking element '//*[@id="dialog"]/tbody/tr/td/form/div/p[6]/input'.</msg>
<status status="PASS" starttime="20220228 22:52:06.870" endtime="20220228 22:52:07.534"/>
</kw>
<kw name="Click Element" library="SeleniumLibrary">
<arg>//*[@id="nav"]/li[2]/a</arg>
<doc>Click the element identified by ``locator``.</doc>
<msg timestamp="20220228 22:52:07.535" level="INFO">Clicking element '//*[@id="nav"]/li[2]/a'.</msg>
<status status="PASS" starttime="20220228 22:52:07.535" endtime="20220228 22:52:10.729"/>
</kw>
<kw name="Click Element" library="SeleniumLibrary">
<arg>//*[@id="nav"]/li[2]/ul/li[2]/a</arg>
<doc>Click the element identified by ``locator``.</doc>
<msg timestamp="20220228 22:52:10.730" level="INFO">Clicking element '//*[@id="nav"]/li[2]/ul/li[2]/a'.</msg>
<status status="PASS" starttime="20220228 22:52:10.729" endtime="20220228 22:52:12.631"/>
</kw>
<kw name="Click Element" library="SeleniumLibrary">
<arg>//*[@id="#area13"]</arg>
<doc>Click the element identified by ``locator``.</doc>
<msg timestamp="20220228 22:52:12.632" level="INFO">Clicking element '//*[@id="#area13"]'.</msg>
<status status="PASS" starttime="20220228 22:52:12.632" endtime="20220228 22:52:15.372"/>
</kw>
<kw name="Click Element" library="SeleniumLibrary">
<arg>//*[@id="showAddtolistManga"]</arg>
<doc>Click the element identified by ``locator``.</doc>
<msg timestamp="20220228 22:52:15.374" level="INFO">Clicking element '//*[@id="showAddtolistManga"]'.</msg>
<status status="PASS" starttime="20220228 22:52:15.373" endtime="20220228 22:52:16.268"/>
</kw>
<kw name="Click Element" library="SeleniumLibrary">
<arg>//*[@id="myinfo_status"]</arg>
<doc>Click the element identified by ``locator``.</doc>
<msg timestamp="20220228 22:52:16.268" level="INFO">Clicking element '//*[@id="myinfo_status"]'.</msg>
<status status="PASS" starttime="20220228 22:52:16.268" endtime="20220228 22:52:16.943"/>
</kw>
<kw name="Click Element" library="SeleniumLibrary">
<arg>//*[@id="myinfo_status"]/option[3]</arg>
<doc>Click the element identified by ``locator``.</doc>
<msg timestamp="20220228 22:52:16.943" level="INFO">Clicking element '//*[@id="myinfo_status"]/option[3]'.</msg>
<status status="PASS" starttime="20220228 22:52:16.943" endtime="20220228 22:52:17.590"/>
</kw>
<kw name="Click Element" library="SeleniumLibrary">
<arg>//*[@id="addtolist"]/table/tbody/tr[5]/td[2]/input</arg>
<doc>Click the element identified by ``locator``.</doc>
<msg timestamp="20220228 22:52:17.591" level="INFO">Clicking element '//*[@id="addtolist"]/table/tbody/tr[5]/td[2]/input'.</msg>
<status status="PASS" starttime="20220228 22:52:17.591" endtime="20220228 22:52:18.266"/>
</kw>
<kw name="Click Element" library="SeleniumLibrary">
<arg>//*[@id="header-menu"]/div[2]/a</arg>
<doc>Click the element identified by ``locator``.</doc>
<msg timestamp="20220228 22:52:18.267" level="INFO">Clicking element '//*[@id="header-menu"]/div[2]/a'.</msg>
<status status="PASS" starttime="20220228 22:52:18.266" endtime="20220228 22:52:18.932"/>
</kw>
<kw name="Click Element" library="SeleniumLibrary">
<arg>//*[@id="header-menu"]/div[2]/div/ul/li[2]/a</arg>
<doc>Click the element identified by ``locator``.</doc>
<msg timestamp="20220228 22:52:18.933" level="INFO">Clicking element '//*[@id="header-menu"]/div[2]/div/ul/li[2]/a'.</msg>
<status status="PASS" starttime="20220228 22:52:18.933" endtime="20220228 22:52:21.077"/>
</kw>
<kw name="Click Element" library="SeleniumLibrary">
<arg>//*[@id="status-menu"]/div/a[4]</arg>
<doc>Click the element identified by ``locator``.</doc>
<msg timestamp="20220228 22:52:21.078" level="INFO">Clicking element '//*[@id="status-menu"]/div/a[4]'.</msg>
<status status="PASS" starttime="20220228 22:52:21.078" endtime="20220228 22:52:22.938"/>
</kw>
<kw name="Sleep" library="BuiltIn">
<arg>1</arg>
<doc>Pauses the test executed for the given time.</doc>
<msg timestamp="20220228 22:52:23.942" level="INFO">Slept 1 second</msg>
<status status="PASS" starttime="20220228 22:52:22.940" endtime="20220228 22:52:23.942"/>
</kw>
<kw name="Go Back" library="SeleniumLibrary">
<doc>Simulates the user clicking the back button on their browser.</doc>
<status status="PASS" starttime="20220228 22:52:23.943" endtime="20220228 22:52:24.535"/>
</kw>
<kw name="Go Back" library="SeleniumLibrary">
<doc>Simulates the user clicking the back button on their browser.</doc>
<status status="PASS" starttime="20220228 22:52:24.535" endtime="20220228 22:52:25.520"/>
</kw>
<kw name="Reload Page" library="SeleniumLibrary">
<doc>Simulates user reloading page.</doc>
<status status="PASS" starttime="20220228 22:52:25.521" endtime="20220228 22:52:25.833"/>
</kw>
<kw name="Click Element" library="SeleniumLibrary">
<arg>//*[@id="addtolist"]/table/tbody/tr[5]/td[2]/small/a</arg>
<doc>Click the element identified by ``locator``.</doc>
<msg timestamp="20220228 22:52:25.834" level="INFO">Clicking element '//*[@id="addtolist"]/table/tbody/tr[5]/td[2]/small/a'.</msg>
<status status="PASS" starttime="20220228 22:52:25.833" endtime="20220228 22:52:28.344"/>
</kw>
<kw name="Sleep" library="BuiltIn">
<arg>1</arg>
<doc>Pauses the test executed for the given time.</doc>
<msg timestamp="20220228 22:52:29.346" level="INFO">Slept 1 second</msg>
<status status="PASS" starttime="20220228 22:52:28.345" endtime="20220228 22:52:29.346"/>
</kw>
<kw name="Click Element" library="SeleniumLibrary">
<arg>xpath:/html[1]/body[1]/div[2]/div[2]/div[3]/div[2]/table[1]/tbody[1]/tr[1]/td[1]/div[3]/form[1]/input[1]</arg>
<doc>Click the element identified by ``locator``.</doc>
<msg timestamp="20220228 22:52:29.346" level="INFO">Clicking element 'xpath:/html[1]/body[1]/div[2]/div[2]/div[3]/div[2]/table[1]/tbody[1]/tr[1]/td[1]/div[3]/form[1]/input[1]'.</msg>
<status status="PASS" starttime="20220228 22:52:29.346" endtime="20220228 22:52:30.011"/>
</kw>
<kw name="Handle Alert" library="SeleniumLibrary">
<arg>accept</arg>
<doc>Handles the current alert and returns its message.</doc>
<msg timestamp="20220228 22:52:30.012" level="INFO">HANDLE::&lt;class 'NoneType'&gt;::None</msg>
<status status="PASS" starttime="20220228 22:52:30.011" endtime="20220228 22:52:30.918"/>
</kw>
<kw name="Click Element" library="SeleniumLibrary">
<arg>//*[@id="content"]/div[1]/a[2]</arg>
<doc>Click the element identified by ``locator``.</doc>
<msg timestamp="20220228 22:52:30.920" level="INFO">Clicking element '//*[@id="content"]/div[1]/a[2]'.</msg>
<status status="PASS" starttime="20220228 22:52:30.919" endtime="20220228 22:52:33.460"/>
</kw>
<kw name="Sleep" library="BuiltIn">
<arg>4</arg>
<doc>Pauses the test executed for the given time.</doc>
<msg timestamp="20220228 22:52:37.460" level="INFO">Slept 4 seconds</msg>
<status status="PASS" starttime="20220228 22:52:33.460" endtime="20220228 22:52:37.460"/>
</kw>
<kw name="Close Browser" library="SeleniumLibrary">
<doc>Closes the current browser.</doc>
<status status="PASS" starttime="20220228 22:52:37.460" endtime="20220228 22:52:39.849"/>
</kw>
<status status="PASS" starttime="20220228 22:51:59.603" endtime="20220228 22:52:39.850"/>
</test>
<test id="s1-t5" name="TC_05_004">
<kw name="Set Selenium Speed" library="SeleniumLibrary">
<arg>0.3</arg>
<doc>Sets the delay that is waited after each Selenium command.</doc>
<status status="PASS" starttime="20220228 22:52:39.852" endtime="20220228 22:52:39.853"/>
</kw>
<kw name="Open Browser" library="SeleniumLibrary">
<arg>${URL1}</arg>
<arg>${Browser}</arg>
<doc>Opens a new browser instance to the optional ``url``.</doc>
<msg timestamp="20220228 22:52:39.853" level="INFO">Opening browser 'Chrome' to base url 'https://myanimelist.net/'.</msg>
<status status="PASS" starttime="20220228 22:52:39.853" endtime="20220228 22:52:43.176"/>
</kw>
<kw name="Click Element" library="SeleniumLibrary">
<arg>//*[@id="qc-cmp2-ui"]/div[2]/div/button[3]</arg>
<doc>Click the element identified by ``locator``.</doc>
<msg timestamp="20220228 22:52:43.177" level="INFO">Clicking element '//*[@id="qc-cmp2-ui"]/div[2]/div/button[3]'.</msg>
<status status="PASS" starttime="20220228 22:52:43.176" endtime="20220228 22:52:43.970"/>
</kw>
<kw name="Click Element" library="SeleniumLibrary">
<arg>//*[@id="malLogin"]</arg>
<doc>Click the element identified by ``locator``.</doc>
<msg timestamp="20220228 22:52:43.971" level="INFO">Clicking element '//*[@id="malLogin"]'.</msg>
<status status="PASS" starttime="20220228 22:52:43.970" endtime="20220228 22:52:45.683"/>
</kw>
<kw name="Input Text" library="SeleniumLibrary">
<arg>//*[@id="loginUserName"]</arg>
<arg>ImTestingU</arg>
<doc>Types the given ``text`` into the text field identified by ``locator``.</doc>
<msg timestamp="20220228 22:52:45.684" level="INFO">Typing text 'ImTestingU' into text field '//*[@id="loginUserName"]'.</msg>
<status status="PASS" starttime="20220228 22:52:45.684" endtime="20220228 22:52:46.669"/>
</kw>
<kw name="Input Text" library="SeleniumLibrary">
<arg>//*[@id="login-password"]</arg>
<arg>Te$tingP@$$</arg>
<doc>Types the given ``text`` into the text field identified by ``locator``.</doc>
<msg timestamp="20220228 22:52:46.670" level="INFO">Typing text 'Te$tingP@$$' into text field '//*[@id="login-password"]'.</msg>
<status status="PASS" starttime="20220228 22:52:46.670" endtime="20220228 22:52:47.654"/>
</kw>
<kw name="Click Element" library="SeleniumLibrary">
<arg>//*[@id="dialog"]/tbody/tr/td/form/div/p[6]/input</arg>
<doc>Click the element identified by ``locator``.</doc>
<msg timestamp="20220228 22:52:47.655" level="INFO">Clicking element '//*[@id="dialog"]/tbody/tr/td/form/div/p[6]/input'.</msg>
<status status="PASS" starttime="20220228 22:52:47.655" endtime="20220228 22:52:48.328"/>
</kw>
<kw name="Click Element" library="SeleniumLibrary">
<arg>//*[@id="nav"]/li[2]/a</arg>
<doc>Click the element identified by ``locator``.</doc>
<msg timestamp="20220228 22:52:48.329" level="INFO">Clicking element '//*[@id="nav"]/li[2]/a'.</msg>
<status status="PASS" starttime="20220228 22:52:48.328" endtime="20220228 22:52:51.348"/>
</kw>
<kw name="Click Element" library="SeleniumLibrary">
<arg>//*[@id="nav"]/li[2]/ul/li[2]/a</arg>
<doc>Click the element identified by ``locator``.</doc>
<msg timestamp="20220228 22:52:51.349" level="INFO">Clicking element '//*[@id="nav"]/li[2]/ul/li[2]/a'.</msg>
<status status="PASS" starttime="20220228 22:52:51.349" endtime="20220228 22:52:53.572"/>
</kw>
<kw name="Click Element" library="SeleniumLibrary">
<arg>//*[@id="#area656"]</arg>
<doc>Click the element identified by ``locator``.</doc>
<msg timestamp="20220228 22:52:53.573" level="INFO">Clicking element '//*[@id="#area656"]'.</msg>
<status status="PASS" starttime="20220228 22:52:53.572" endtime="20220228 22:52:56.088"/>
</kw>
<kw name="Click Element" library="SeleniumLibrary">
<arg>//*[@id="showAddtolistManga"]</arg>
<doc>Click the element identified by ``locator``.</doc>
<msg timestamp="20220228 22:52:56.089" level="INFO">Clicking element '//*[@id="showAddtolistManga"]'.</msg>
<status status="PASS" starttime="20220228 22:52:56.088" endtime="20220228 22:52:57.981"/>
</kw>
<kw name="Click Element" library="SeleniumLibrary">
<arg>//*[@id="myinfo_status"]</arg>
<doc>Click the element identified by ``locator``.</doc>
<msg timestamp="20220228 22:52:57.981" level="INFO">Clicking element '//*[@id="myinfo_status"]'.</msg>
<status status="PASS" starttime="20220228 22:52:57.981" endtime="20220228 22:52:58.649"/>
</kw>
<kw name="Click Element" library="SeleniumLibrary">
<arg>//*[@id="myinfo_status"]/option[4]</arg>
<doc>Click the element identified by ``locator``.</doc>
<msg timestamp="20220228 22:52:58.650" level="INFO">Clicking element '//*[@id="myinfo_status"]/option[4]'.</msg>
<status status="PASS" starttime="20220228 22:52:58.649" endtime="20220228 22:52:59.294"/>
</kw>
<kw name="Click Element" library="SeleniumLibrary">
<arg>//*[@id="addtolist"]/table/tbody/tr[5]/td[2]/input</arg>
<doc>Click the element identified by ``locator``.</doc>
<msg timestamp="20220228 22:52:59.295" level="INFO">Clicking element '//*[@id="addtolist"]/table/tbody/tr[5]/td[2]/input'.</msg>
<status status="PASS" starttime="20220228 22:52:59.294" endtime="20220228 22:52:59.969"/>
</kw>
<kw name="Click Element" library="SeleniumLibrary">
<arg>//*[@id="header-menu"]/div[2]/a</arg>
<doc>Click the element identified by ``locator``.</doc>
<msg timestamp="20220228 22:52:59.970" level="INFO">Clicking element '//*[@id="header-menu"]/div[2]/a'.</msg>
<status status="PASS" starttime="20220228 22:52:59.970" endtime="20220228 22:53:00.632"/>
</kw>
<kw name="Click Element" library="SeleniumLibrary">
<arg>//*[@id="header-menu"]/div[2]/div/ul/li[2]/a</arg>
<doc>Click the element identified by ``locator``.</doc>
<msg timestamp="20220228 22:53:00.635" level="INFO">Clicking element '//*[@id="header-menu"]/div[2]/div/ul/li[2]/a'.</msg>
<status status="PASS" starttime="20220228 22:53:00.634" endtime="20220228 22:53:02.885"/>
</kw>
<kw name="Click Element" library="SeleniumLibrary">
<arg>//*[@id="status-menu"]/div/a[5]</arg>
<doc>Click the element identified by ``locator``.</doc>
<msg timestamp="20220228 22:53:02.886" level="INFO">Clicking element '//*[@id="status-menu"]/div/a[5]'.</msg>
<status status="PASS" starttime="20220228 22:53:02.886" endtime="20220228 22:53:04.721"/>
</kw>
<kw name="Sleep" library="BuiltIn">
<arg>1</arg>
<doc>Pauses the test executed for the given time.</doc>
<msg timestamp="20220228 22:53:05.722" level="INFO">Slept 1 second</msg>
<status status="PASS" starttime="20220228 22:53:04.722" endtime="20220228 22:53:05.722"/>
</kw>
<kw name="Go Back" library="SeleniumLibrary">
<doc>Simulates the user clicking the back button on their browser.</doc>
<status status="PASS" starttime="20220228 22:53:05.723" endtime="20220228 22:53:06.333"/>
</kw>
<kw name="Go Back" library="SeleniumLibrary">
<doc>Simulates the user clicking the back button on their browser.</doc>
<status status="PASS" starttime="20220228 22:53:06.334" endtime="20220228 22:53:07.361"/>
</kw>
<kw name="Reload Page" library="SeleniumLibrary">
<doc>Simulates user reloading page.</doc>
<status status="PASS" starttime="20220228 22:53:07.361" endtime="20220228 22:53:07.703"/>
</kw>
<kw name="Click Element" library="SeleniumLibrary">
<arg>//*[@id="addtolist"]/table/tbody/tr[5]/td[2]/small/a</arg>
<doc>Click the element identified by ``locator``.</doc>
<msg timestamp="20220228 22:53:07.703" level="INFO">Clicking element '//*[@id="addtolist"]/table/tbody/tr[5]/td[2]/small/a'.</msg>
<status status="PASS" starttime="20220228 22:53:07.703" endtime="20220228 22:53:09.918"/>
</kw>
<kw name="Sleep" library="BuiltIn">
<arg>1</arg>
<doc>Pauses the test executed for the given time.</doc>
<msg timestamp="20220228 22:53:10.919" level="INFO">Slept 1 second</msg>
<status status="PASS" starttime="20220228 22:53:09.918" endtime="20220228 22:53:10.919"/>
</kw>
<kw name="Click Element" library="SeleniumLibrary">
<arg>xpath:/html[1]/body[1]/div[2]/div[2]/div[3]/div[2]/table[1]/tbody[1]/tr[1]/td[1]/div[3]/form[1]/input[1]</arg>
<doc>Click the element identified by ``locator``.</doc>
<msg timestamp="20220228 22:53:10.920" level="INFO">Clicking element 'xpath:/html[1]/body[1]/div[2]/div[2]/div[3]/div[2]/table[1]/tbody[1]/tr[1]/td[1]/div[3]/form[1]/input[1]'.</msg>
<status status="PASS" starttime="20220228 22:53:10.919" endtime="20220228 22:53:11.644"/>
</kw>
<kw name="Handle Alert" library="SeleniumLibrary">
<arg>accept</arg>
<doc>Handles the current alert and returns its message.</doc>
<msg timestamp="20220228 22:53:11.646" level="INFO">HANDLE::&lt;class 'NoneType'&gt;::None</msg>
<status status="PASS" starttime="20220228 22:53:11.645" endtime="20220228 22:53:12.556"/>
</kw>
<kw name="Click Element" library="SeleniumLibrary">
<arg>//*[@id="content"]/div[1]/a[2]</arg>
<doc>Click the element identified by ``locator``.</doc>
<msg timestamp="20220228 22:53:12.558" level="INFO">Clicking element '//*[@id="content"]/div[1]/a[2]'.</msg>
<status status="PASS" starttime="20220228 22:53:12.557" endtime="20220228 22:53:14.695"/>
</kw>
<kw name="Sleep" library="BuiltIn">
<arg>4</arg>
<doc>Pauses the test executed for the given time.</doc>
<msg timestamp="20220228 22:53:18.696" level="INFO">Slept 4 seconds</msg>
<status status="PASS" starttime="20220228 22:53:14.695" endtime="20220228 22:53:18.696"/>
</kw>
<kw name="Close Browser" library="SeleniumLibrary">
<doc>Closes the current browser.</doc>
<status status="PASS" starttime="20220228 22:53:18.697" endtime="20220228 22:53:21.054"/>
</kw>
<status status="PASS" starttime="20220228 22:52:39.852" endtime="20220228 22:53:21.055"/>
</test>
<test id="s1-t6" name="TC_05_005">
<kw name="Set Selenium Speed" library="SeleniumLibrary">
<arg>0.3</arg>
<doc>Sets the delay that is waited after each Selenium command.</doc>
<status status="PASS" starttime="20220228 22:53:21.057" endtime="20220228 22:53:21.058"/>
</kw>
<kw name="Open Browser" library="SeleniumLibrary">
<arg>${URL1}</arg>
<arg>${Browser}</arg>
<doc>Opens a new browser instance to the optional ``url``.</doc>
<msg timestamp="20220228 22:53:21.059" level="INFO">Opening browser 'Chrome' to base url 'https://myanimelist.net/'.</msg>
<status status="PASS" starttime="20220228 22:53:21.058" endtime="20220228 22:53:24.177"/>
</kw>
<kw name="Click Element" library="SeleniumLibrary">
<arg>//*[@id="qc-cmp2-ui"]/div[2]/div/button[3]</arg>
<doc>Click the element identified by ``locator``.</doc>
<msg timestamp="20220228 22:53:24.178" level="INFO">Clicking element '//*[@id="qc-cmp2-ui"]/div[2]/div/button[3]'.</msg>
<status status="PASS" starttime="20220228 22:53:24.177" endtime="20220228 22:53:24.939"/>
</kw>
<kw name="Click Element" library="SeleniumLibrary">
<arg>//*[@id="malLogin"]</arg>
<doc>Click the element identified by ``locator``.</doc>
<msg timestamp="20220228 22:53:24.940" level="INFO">Clicking element '//*[@id="malLogin"]'.</msg>
<status status="PASS" starttime="20220228 22:53:24.940" endtime="20220228 22:53:26.751"/>
</kw>
<kw name="Input Text" library="SeleniumLibrary">
<arg>//*[@id="loginUserName"]</arg>
<arg>ImTestingU</arg>
<doc>Types the given ``text`` into the text field identified by ``locator``.</doc>
<msg timestamp="20220228 22:53:26.753" level="INFO">Typing text 'ImTestingU' into text field '//*[@id="loginUserName"]'.</msg>
<status status="PASS" starttime="20220228 22:53:26.752" endtime="20220228 22:53:27.741"/>
</kw>
<kw name="Input Text" library="SeleniumLibrary">
<arg>//*[@id="login-password"]</arg>
<arg>Te$tingP@$$</arg>
<doc>Types the given ``text`` into the text field identified by ``locator``.</doc>
<msg timestamp="20220228 22:53:27.742" level="INFO">Typing text 'Te$tingP@$$' into text field '//*[@id="login-password"]'.</msg>
<status status="PASS" starttime="20220228 22:53:27.741" endtime="20220228 22:53:28.741"/>
</kw>
<kw name="Click Element" library="SeleniumLibrary">
<arg>//*[@id="dialog"]/tbody/tr/td/form/div/p[6]/input</arg>
<doc>Click the element identified by ``locator``.</doc>
<msg timestamp="20220228 22:53:28.743" level="INFO">Clicking element '//*[@id="dialog"]/tbody/tr/td/form/div/p[6]/input'.</msg>
<status status="PASS" starttime="20220228 22:53:28.743" endtime="20220228 22:53:29.422"/>
</kw>
<kw name="Click Element" library="SeleniumLibrary">
<arg>//*[@id="nav"]/li[2]/a</arg>
<doc>Click the element identified by ``locator``.</doc>
<msg timestamp="20220228 22:53:29.423" level="INFO">Clicking element '//*[@id="nav"]/li[2]/a'.</msg>
<status status="PASS" starttime="20220228 22:53:29.423" endtime="20220228 22:53:32.379"/>
</kw>
<kw name="Click Element" library="SeleniumLibrary">
<arg>//*[@id="nav"]/li[2]/ul/li[2]/a</arg>
<doc>Click the element identified by ``locator``.</doc>
<msg timestamp="20220228 22:53:32.380" level="INFO">Clicking element '//*[@id="nav"]/li[2]/ul/li[2]/a'.</msg>
<status status="PASS" starttime="20220228 22:53:32.380" endtime="20220228 22:53:34.298"/>
</kw>
<kw name="Click Element" library="SeleniumLibrary">
<arg>//*[@id="#area1"]</arg>
<doc>Click the element identified by ``locator``.</doc>
<msg timestamp="20220228 22:53:34.299" level="INFO">Clicking element '//*[@id="#area1"]'.</msg>
<status status="PASS" starttime="20220228 22:53:34.299" endtime="20220228 22:53:38.196"/>
</kw>
<kw name="Click Element" library="SeleniumLibrary">
<arg>//*[@id="showAddtolistManga"]</arg>
<doc>Click the element identified by ``locator``.</doc>
<msg timestamp="20220228 22:53:38.196" level="INFO">Clicking element '//*[@id="showAddtolistManga"]'.</msg>
<status status="PASS" starttime="20220228 22:53:38.196" endtime="20220228 22:53:38.901"/>
</kw>
<kw name="Click Element" library="SeleniumLibrary">
<arg>//*[@id="myinfo_status"]</arg>
<doc>Click the element identified by ``locator``.</doc>
<msg timestamp="20220228 22:53:38.902" level="INFO">Clicking element '//*[@id="myinfo_status"]'.</msg>
<status status="PASS" starttime="20220228 22:53:38.902" endtime="20220228 22:53:39.575"/>
</kw>
<kw name="Click Element" library="SeleniumLibrary">
<arg>//*[@id="myinfo_status"]/option[5]</arg>
<doc>Click the element identified by ``locator``.</doc>
<msg timestamp="20220228 22:53:39.578" level="INFO">Clicking element '//*[@id="myinfo_status"]/option[5]'.</msg>
<status status="PASS" starttime="20220228 22:53:39.577" endtime="20220228 22:53:40.241"/>
</kw>
<kw name="Click Element" library="SeleniumLibrary">
<arg>//*[@id="addtolist"]/table/tbody/tr[5]/td[2]/input</arg>
<doc>Click the element identified by ``locator``.</doc>
<msg timestamp="20220228 22:53:40.241" level="INFO">Clicking element '//*[@id="addtolist"]/table/tbody/tr[5]/td[2]/input'.</msg>
<status status="PASS" starttime="20220228 22:53:40.241" endtime="20220228 22:53:40.927"/>
</kw>
<kw name="Click Element" library="SeleniumLibrary">
<arg>//*[@id="header-menu"]/div[2]/a</arg>
<doc>Click the element identified by ``locator``.</doc>
<msg timestamp="20220228 22:53:40.928" level="INFO">Clicking element '//*[@id="header-menu"]/div[2]/a'.</msg>
<status status="PASS" starttime="20220228 22:53:40.927" endtime="20220228 22:53:41.576"/>
</kw>
<kw name="Click Element" library="SeleniumLibrary">
<arg>//*[@id="header-menu"]/div[2]/div/ul/li[2]/a</arg>
<doc>Click the element identified by ``locator``.</doc>
<msg timestamp="20220228 22:53:41.577" level="INFO">Clicking element '//*[@id="header-menu"]/div[2]/div/ul/li[2]/a'.</msg>
<status status="PASS" starttime="20220228 22:53:41.576" endtime="20220228 22:53:43.437"/>
</kw>
<kw name="Click Element" library="SeleniumLibrary">
<arg>//*[@id="status-menu"]/div/a[6]</arg>
<doc>Click the element identified by ``locator``.</doc>
<msg timestamp="20220228 22:53:43.438" level="INFO">Clicking element '//*[@id="status-menu"]/div/a[6]'.</msg>
<status status="PASS" starttime="20220228 22:53:43.438" endtime="20220228 22:53:44.748"/>
</kw>
<kw name="Sleep" library="BuiltIn">
<arg>1</arg>
<doc>Pauses the test executed for the given time.</doc>
<msg timestamp="20220228 22:53:45.749" level="INFO">Slept 1 second</msg>
<status status="PASS" starttime="20220228 22:53:44.749" endtime="20220228 22:53:45.749"/>
</kw>
<kw name="Go Back" library="SeleniumLibrary">
<doc>Simulates the user clicking the back button on their browser.</doc>
<status status="PASS" starttime="20220228 22:53:45.751" endtime="20220228 22:53:46.346"/>
</kw>
<kw name="Go Back" library="SeleniumLibrary">
<doc>Simulates the user clicking the back button on their browser.</doc>
<status status="PASS" starttime="20220228 22:53:46.346" endtime="20220228 22:53:47.272"/>
</kw>
<kw name="Reload Page" library="SeleniumLibrary">
<doc>Simulates user reloading page.</doc>
<status status="PASS" starttime="20220228 22:53:47.272" endtime="20220228 22:53:48.990"/>
</kw>
<kw name="Click Element" library="SeleniumLibrary">
<arg>//*[@id="addtolist"]/table/tbody/tr[5]/td[2]/small/a</arg>
<doc>Click the element identified by ``locator``.</doc>
<msg timestamp="20220228 22:53:48.991" level="INFO">Clicking element '//*[@id="addtolist"]/table/tbody/tr[5]/td[2]/small/a'.</msg>
<status status="PASS" starttime="20220228 22:53:48.990" endtime="20220228 22:53:50.077"/>
</kw>
<kw name="Sleep" library="BuiltIn">
<arg>1</arg>
<doc>Pauses the test executed for the given time.</doc>
<msg timestamp="20220228 22:53:51.078" level="INFO">Slept 1 second</msg>
<status status="PASS" starttime="20220228 22:53:50.077" endtime="20220228 22:53:51.078"/>
</kw>
<kw name="Click Element" library="SeleniumLibrary">
<arg>xpath:/html[1]/body[1]/div[2]/div[2]/div[3]/div[2]/table[1]/tbody[1]/tr[1]/td[1]/div[3]/form[1]/input[1]</arg>
<doc>Click the element identified by ``locator``.</doc>
<msg timestamp="20220228 22:53:51.079" level="INFO">Clicking element 'xpath:/html[1]/body[1]/div[2]/div[2]/div[3]/div[2]/table[1]/tbody[1]/tr[1]/td[1]/div[3]/form[1]/input[1]'.</msg>
<status status="PASS" starttime="20220228 22:53:51.078" endtime="20220228 22:53:51.739"/>
</kw>
<kw name="Handle Alert" library="SeleniumLibrary">
<arg>accept</arg>
<doc>Handles the current alert and returns its message.</doc>
<msg timestamp="20220228 22:53:51.740" level="INFO">HANDLE::&lt;class 'NoneType'&gt;::None</msg>
<status status="PASS" starttime="20220228 22:53:51.740" endtime="20220228 22:53:52.646"/>
</kw>
<kw name="Click Element" library="SeleniumLibrary">
<arg>//*[@id="content"]/div[1]/a[2]</arg>
<doc>Click the element identified by ``locator``.</doc>
<msg timestamp="20220228 22:53:52.647" level="INFO">Clicking element '//*[@id="content"]/div[1]/a[2]'.</msg>
<status status="PASS" starttime="20220228 22:53:52.646" endtime="20220228 22:53:55.404"/>
</kw>
<kw name="Sleep" library="BuiltIn">
<arg>4</arg>
<doc>Pauses the test executed for the given time.</doc>
<msg timestamp="20220228 22:53:59.406" level="INFO">Slept 4 seconds</msg>
<status status="PASS" starttime="20220228 22:53:55.405" endtime="20220228 22:53:59.406"/>
</kw>
<kw name="Close Browser" library="SeleniumLibrary">
<doc>Closes the current browser.</doc>
<status status="PASS" starttime="20220228 22:53:59.407" endtime="20220228 22:54:01.766"/>
</kw>
<status status="PASS" starttime="20220228 22:53:21.057" endtime="20220228 22:54:01.768"/>
</test>
<test id="s1-t7" name="TC_04_007">
<kw name="Set Selenium Speed" library="SeleniumLibrary">
<arg>0.3</arg>
<doc>Sets the delay that is waited after each Selenium command.</doc>
<status status="PASS" starttime="20220228 22:54:01.773" endtime="20220228 22:54:01.773"/>
</kw>
<kw name="Open Browser" library="SeleniumLibrary">
<arg>${URL1}</arg>
<arg>${Browser}</arg>
<doc>Opens a new browser instance to the optional ``url``.</doc>
<msg timestamp="20220228 22:54:01.775" level="INFO">Opening browser 'Chrome' to base url 'https://myanimelist.net/'.</msg>
<status status="PASS" starttime="20220228 22:54:01.774" endtime="20220228 22:54:04.753"/>
</kw>
<kw name="Click Element" library="SeleniumLibrary">
<arg>//*[@id="qc-cmp2-ui"]/div[2]/div/button[3]</arg>
<doc>Click the element identified by ``locator``.</doc>
<msg timestamp="20220228 22:54:04.754" level="INFO">Clicking element '//*[@id="qc-cmp2-ui"]/div[2]/div/button[3]'.</msg>
<status status="PASS" starttime="20220228 22:54:04.754" endtime="20220228 22:54:05.500"/>
</kw>
<kw name="Click Element" library="SeleniumLibrary">
<arg>//*[@id="malLogin"]</arg>
<doc>Click the element identified by ``locator``.</doc>
<msg timestamp="20220228 22:54:05.501" level="INFO">Clicking element '//*[@id="malLogin"]'.</msg>
<status status="PASS" starttime="20220228 22:54:05.500" endtime="20220228 22:54:07.166"/>
</kw>
<kw name="Input Text" library="SeleniumLibrary">
<arg>//*[@id="loginUserName"]</arg>
<arg>ImTestingU</arg>
<doc>Types the given ``text`` into the text field identified by ``locator``.</doc>
<msg timestamp="20220228 22:54:07.168" level="INFO">Typing text 'ImTestingU' into text field '//*[@id="loginUserName"]'.</msg>
<status status="PASS" starttime="20220228 22:54:07.167" endtime="20220228 22:54:08.158"/>
</kw>
<kw name="Input Text" library="SeleniumLibrary">
<arg>//*[@id="login-password"]</arg>
<arg>Te$tingP@$$</arg>
<doc>Types the given ``text`` into the text field identified by ``locator``.</doc>
<msg timestamp="20220228 22:54:08.159" level="INFO">Typing text 'Te$tingP@$$' into text field '//*[@id="login-password"]'.</msg>
<status status="PASS" starttime="20220228 22:54:08.158" endtime="20220228 22:54:09.159"/>
</kw>
<kw name="Click Element" library="SeleniumLibrary">
<arg>//*[@id="dialog"]/tbody/tr/td/form/div/p[6]/input</arg>
<doc>Click the element identified by ``locator``.</doc>
<msg timestamp="20220228 22:54:09.160" level="INFO">Clicking element '//*[@id="dialog"]/tbody/tr/td/form/div/p[6]/input'.</msg>
<status status="PASS" starttime="20220228 22:54:09.160" endtime="20220228 22:54:09.818"/>
</kw>
<kw name="Click Element" library="SeleniumLibrary">
<arg>//*[@id="nav"]/li[2]/a</arg>
<doc>Click the element identified by ``locator``.</doc>
<msg timestamp="20220228 22:54:09.819" level="INFO">Clicking element '//*[@id="nav"]/li[2]/a'.</msg>
<status status="PASS" starttime="20220228 22:54:09.818" endtime="20220228 22:54:12.632"/>
</kw>
<kw name="Click Element" library="SeleniumLibrary">
<arg>//*[@id="nav"]/li[2]/ul/li[2]/a</arg>
<doc>Click the element identified by ``locator``.</doc>
<msg timestamp="20220228 22:54:12.633" level="INFO">Clicking element '//*[@id="nav"]/li[2]/ul/li[2]/a'.</msg>
<status status="PASS" starttime="20220228 22:54:12.632" endtime="20220228 22:54:14.759"/>
</kw>
<kw name="Click Element" library="SeleniumLibrary">
<arg>//*[@id="#area2"]</arg>
<doc>Click the element identified by ``locator``.</doc>
<msg timestamp="20220228 22:54:14.762" level="INFO">Clicking element '//*[@id="#area2"]'.</msg>
<status status="PASS" starttime="20220228 22:54:14.760" endtime="20220228 22:54:17.298"/>
</kw>
<kw name="Click Element" library="SeleniumLibrary">
<arg>//*[@id="v-favorite"]/a</arg>
<doc>Click the element identified by ``locator``.</doc>
<msg timestamp="20220228 22:54:17.299" level="INFO">Clicking element '//*[@id="v-favorite"]/a'.</msg>
<status status="PASS" starttime="20220228 22:54:17.299" endtime="20220228 22:54:18.101"/>
</kw>
<kw name="Click Element" library="SeleniumLibrary">
<arg>//*[@id="header-menu"]/div[9]/a</arg>
<doc>Click the element identified by ``locator``.</doc>
<msg timestamp="20220228 22:54:18.101" level="INFO">Clicking element '//*[@id="header-menu"]/div[9]/a'.</msg>
<status status="PASS" starttime="20220228 22:54:18.101" endtime="20220228 22:54:20.137"/>
</kw>
<kw name="Sleep" library="BuiltIn">
<arg>3</arg>
<doc>Pauses the test executed for the given time.</doc>
<msg timestamp="20220228 22:54:23.138" level="INFO">Slept 3 seconds</msg>
<status status="PASS" starttime="20220228 22:54:20.138" endtime="20220228 22:54:23.138"/>
</kw>
<kw name="Close Browser" library="SeleniumLibrary">
<doc>Closes the current browser.</doc>
<status status="PASS" starttime="20220228 22:54:23.138" endtime="20220228 22:54:25.513"/>
</kw>
<status status="PASS" starttime="20220228 22:54:01.772" endtime="20220228 22:54:25.515"/>
</test>
<test id="s1-t8" name="TC_04_008">
<kw name="Set Selenium Speed" library="SeleniumLibrary">
<arg>0.3</arg>
<doc>Sets the delay that is waited after each Selenium command.</doc>
<status status="PASS" starttime="20220228 22:54:25.521" endtime="20220228 22:54:25.522"/>
</kw>
<kw name="Open Browser" library="SeleniumLibrary">
<arg>${URL1}</arg>
<arg>${Browser}</arg>
<doc>Opens a new browser instance to the optional ``url``.</doc>
<msg timestamp="20220228 22:54:25.524" level="INFO">Opening browser 'Chrome' to base url 'https://myanimelist.net/'.</msg>
<status status="PASS" starttime="20220228 22:54:25.524" endtime="20220228 22:54:28.444"/>
</kw>
<kw name="Click Element" library="SeleniumLibrary">
<arg>//*[@id="qc-cmp2-ui"]/div[2]/div/button[3]</arg>
<doc>Click the element identified by ``locator``.</doc>
<msg timestamp="20220228 22:54:28.445" level="INFO">Clicking element '//*[@id="qc-cmp2-ui"]/div[2]/div/button[3]'.</msg>
<status status="PASS" starttime="20220228 22:54:28.444" endtime="20220228 22:54:29.231"/>
</kw>
<kw name="Click Element" library="SeleniumLibrary">
<arg>//*[@id="malLogin"]</arg>
<doc>Click the element identified by ``locator``.</doc>
<msg timestamp="20220228 22:54:29.232" level="INFO">Clicking element '//*[@id="malLogin"]'.</msg>
<status status="PASS" starttime="20220228 22:54:29.231" endtime="20220228 22:54:31.363"/>
</kw>
<kw name="Input Text" library="SeleniumLibrary">
<arg>//*[@id="loginUserName"]</arg>
<arg>ImTestingU</arg>
<doc>Types the given ``text`` into the text field identified by ``locator``.</doc>
<msg timestamp="20220228 22:54:31.364" level="INFO">Typing text 'ImTestingU' into text field '//*[@id="loginUserName"]'.</msg>
<status status="PASS" starttime="20220228 22:54:31.363" endtime="20220228 22:54:32.353"/>
</kw>
<kw name="Input Text" library="SeleniumLibrary">
<arg>//*[@id="login-password"]</arg>
<arg>Te$tingP@$$</arg>
<doc>Types the given ``text`` into the text field identified by ``locator``.</doc>
<msg timestamp="20220228 22:54:32.354" level="INFO">Typing text 'Te$tingP@$$' into text field '//*[@id="login-password"]'.</msg>
<status status="PASS" starttime="20220228 22:54:32.354" endtime="20220228 22:54:33.338"/>
</kw>
<kw name="Click Element" library="SeleniumLibrary">
<arg>//*[@id="dialog"]/tbody/tr/td/form/div/p[6]/input</arg>
<doc>Click the element identified by ``locator``.</doc>
<msg timestamp="20220228 22:54:33.339" level="INFO">Clicking element '//*[@id="dialog"]/tbody/tr/td/form/div/p[6]/input'.</msg>
<status status="PASS" starttime="20220228 22:54:33.338" endtime="20220228 22:54:34.005"/>
</kw>
<kw name="Click Element" library="SeleniumLibrary">
<arg>//*[@id="nav"]/li[2]/a</arg>
<doc>Click the element identified by ``locator``.</doc>
<msg timestamp="20220228 22:54:34.006" level="INFO">Clicking element '//*[@id="nav"]/li[2]/a'.</msg>
<status status="PASS" starttime="20220228 22:54:34.006" endtime="20220228 22:54:37.422"/>
</kw>
<kw name="Click Element" library="SeleniumLibrary">
<arg>//*[@id="nav"]/li[2]/ul/li[2]/a</arg>
<doc>Click the element identified by ``locator``.</doc>
<msg timestamp="20220228 22:54:37.423" level="INFO">Clicking element '//*[@id="nav"]/li[2]/ul/li[2]/a'.</msg>
<status status="PASS" starttime="20220228 22:54:37.422" endtime="20220228 22:54:39.304"/>
</kw>
<kw name="Click Element" library="SeleniumLibrary">
<arg>//*[@id="#area2"]</arg>
<doc>Click the element identified by ``locator``.</doc>
<msg timestamp="20220228 22:54:39.305" level="INFO">Clicking element '//*[@id="#area2"]'.</msg>
<status status="PASS" starttime="20220228 22:54:39.305" endtime="20220228 22:54:41.504"/>
</kw>
<kw name="Click Element" library="SeleniumLibrary">
<arg>//*[@id="v-favorite"]/a</arg>
<doc>Click the element identified by ``locator``.</doc>
<msg timestamp="20220228 22:54:41.504" level="INFO">Clicking element '//*[@id="v-favorite"]/a'.</msg>
<status status="PASS" starttime="20220228 22:54:41.504" endtime="20220228 22:54:42.190"/>
</kw>
<kw name="Click Element" library="SeleniumLibrary">
<arg>//*[@id="header-menu"]/div[9]/a</arg>
<doc>Click the element identified by ``locator``.</doc>
<msg timestamp="20220228 22:54:42.191" level="INFO">Clicking element '//*[@id="header-menu"]/div[9]/a'.</msg>
<status status="PASS" starttime="20220228 22:54:42.190" endtime="20220228 22:54:42.847"/>
</kw>
<kw name="Sleep" library="BuiltIn">
<arg>3</arg>
<doc>Pauses the test executed for the given time.</doc>
<msg timestamp="20220228 22:54:45.848" level="INFO">Slept 3 seconds</msg>
<status status="PASS" starttime="20220228 22:54:42.848" endtime="20220228 22:54:45.848"/>
</kw>
<kw name="Close Browser" library="SeleniumLibrary">
<doc>Closes the current browser.</doc>
<status status="PASS" starttime="20220228 22:54:45.850" endtime="20220228 22:54:48.207"/>
</kw>
<status status="PASS" starttime="20220228 22:54:25.519" endtime="20220228 22:54:48.207"/>
</test>
<status status="PASS" starttime="20220228 22:50:19.839" endtime="20220228 22:54:48.209"/>
</suite>
<statistics>
<total>
<stat pass="8" fail="0" skip="0">All Tests</stat>
</total>
<tag>
</tag>
<suite>
<stat pass="8" fail="0" skip="0" id="s1" name="TS 05">TS 05</stat>
</suite>
</statistics>
<errors>
</errors>
</robot>
